................ PROG 01
.unzipped C37118-1006-BC2-20210408060000-20210408235859.zip
..Tempo: 1.894437551498413
.unzipped C37118-1003-Reator-20210408060000-20210408235859.zip
..Tempo: 4.549079656600952
.unzipped C37118-1000-BTA_230kV-20210408153454-20210408235859.zip
..Tempo: 6.425293684005737
.unzipped C37118-1000-BTA_230kV-20210408060000-20210408153454.zip
..Tempo: 7.632626533508301
.unzipped C37118-1005-BC1-20210408060000-20210408235859.zip
..Tempo: 4.644088268280029
.unzipped C37118-1001-BTA_525kV-20210408214215-20210408235859.zip
..Tempo: 1.3956043720245361
.unzipped C37118-1001-BTA_525kV-20210408060000-20210408214215.zip
..Tempo: 13.578587532043457
Tempo total: 40.12047362327576

--------------------------------------------------
................ PROG 02
.unzipped C37118-1006-BC2-20210408060000-20210408235859.csv
..Tempo: 1.0370643138885498
.unzipped C37118-1003-Reator-20210408060000-20210408235859.csv
..Tempo: 3.347432851791382
.unzipped C37118-1000-BTA_230kV-20210408153454-20210408235859.csv
..Tempo: 4.745036363601685
.unzipped C37118-1000-BTA_230kV-20210408060000-20210408153454.csv
..Tempo: 7.985664129257202
.unzipped C37118-1005-BC1-20210408060000-20210408235859.csv
..Tempo: 3.8452329635620117
.unzipped C37118-1001-BTA_525kV-20210408214215-20210408235859.csv
..Tempo: 1.6802332401275635
.unzipped C37118-1001-BTA_525kV-20210408060000-20210408214215.csv
..Tempo: 14.636569023132324
Tempo total: 37.277966022491455